INFO 2013-04-19 22:08:09,332 models 13153 139733109360384 Getting page: http://90fmtrivia.org/TriviaScores2013/scorePages/results.htm
INFO 2013-04-19 22:08:11,114 models 13153 139733109360384 Success for hour 1
INFO 2013-04-19 22:08:13,282 models 13153 139733109360384 Sent SMS to: 6083015887
INFO 2013-04-19 22:08:14,204 models 13153 139733109360384 Sent email to josh@pcsforeducation.com
INFO 2013-04-19 22:08:14,204 models 13153 139733109360384 Success for hours: [1]
INFO 2013-04-19 22:12:53,872 models 13382 140690607007488 Getting page: http://90fmtrivia.org/TriviaScores2013/scorePages/results.htm
INFO 2013-04-19 22:13:00,372 models 13382 140690607007488 Success for hour 1
INFO 2013-04-19 22:13:02,524 models 13382 140690607007488 Sent SMS to: 6083015887
INFO 2013-04-19 22:13:03,349 models 13382 140690607007488 Sent email to josh@pcsforeducation.com
INFO 2013-04-19 22:13:03,349 models 13382 140690607007488 Success for hours: [1]
INFO 2013-04-19 22:14:46,942 models 13509 140397765318400 Sent email to josh@pcsforeducation.com
INFO 2013-04-19 22:15:18,655 models 13529 139761796302592 Sent email to josh@pcsforeducation.com
INFO 2013-04-19 23:13:35,689 models 15388 140575090657024 Sent email to josh@pcsforeducation.com
INFO 2013-04-19 23:13:41,305 models 15394 140545941001984 Sent email to josh@pcsforeducation.com
INFO 2013-04-19 23:14:10,601 models 15432 140021664577280 Sent email to josh@pcsforeducation.com
INFO 2013-04-19 23:14:27,487 models 15465 140671891785472 Sent email to josh@pcsforeducation.com
INFO 2013-04-19 23:14:41,006 models 15485 140188838065920 Sent email to josh@pcsforeducation.com
INFO 2013-04-19 23:14:46,222 models 15491 140023424026368 Sent email to josh@pcsforeducation.com
INFO 2013-04-19 23:16:09,333 models 15586 139809507882752 Sent email to josh@pcsforeducation.com
INFO 2013-04-19 23:16:30,353 models 15606 140127504852736 Would have sent email to josh@pcsforeducation.com
INFO 2013-04-19 23:16:35,120 models 15612 140683325662976 Sent email to josh@pcsforeducation.com
INFO 2013-04-19 23:17:34,617 models 15651 140228553692928 Would have sent email to josh@pcsforeducation.com
INFO 2013-04-19 23:19:30,716 models 15793 140082783217408 Would have sent email to josh@pcsforeducation.com for hour 3
INFO 2013-04-19 23:19:38,301 models 15800 140130040399616 Would have sent email to josh@pcsforeducation.com for hour 3
INFO 2013-04-19 23:19:44,403 models 15806 140186881648384 Would have sent SMS to: 6083015887 for hour 3
