ERROR 2013-04-16 14:55:33,215 views 8907 140676784609024 test
ERROR 2013-04-16 15:00:47,979 views 9078 140670550853376 test
ERROR 2013-04-16 15:00:59,910 views 9120 140376911333120 test
ERROR 2013-04-16 15:01:29,952 views 9143 140507087853312 test
INFO 2013-04-19 01:55:45,671 models 3532 140304818218752 Getting page: http://90fmtrivia.org/scores_page/Scores2009/results1.htm
INFO 2013-04-19 01:55:46,540 models 3532 140304818218752 Success for hour 1
INFO 2013-04-19 01:55:46,544 models 3532 140304818218752 Getting page: http://90fmtrivia.org/scores_page/Scores2009/results2.htm
INFO 2013-04-19 01:55:47,317 models 3532 140304818218752 Success for hour 2
INFO 2013-04-19 01:55:47,321 models 3532 140304818218752 Getting page: http://90fmtrivia.org/scores_page/Scores2009/results3.htm
INFO 2013-04-19 01:55:48,091 models 3532 140304818218752 Success for hour 3
INFO 2013-04-19 01:55:48,094 models 3532 140304818218752 Getting page: http://90fmtrivia.org/scores_page/Scores2009/results4.htm
INFO 2013-04-19 01:55:48,874 models 3532 140304818218752 Success for hour 4
INFO 2013-04-19 01:55:48,878 models 3532 140304818218752 Getting page: http://90fmtrivia.org/scores_page/Scores2009/results5.htm
INFO 2013-04-19 01:55:49,673 models 3532 140304818218752 Success for hour 5
INFO 2013-04-19 01:55:49,675 models 3532 140304818218752 Getting page: http://90fmtrivia.org/scores_page/Scores2009/results6.htm
INFO 2013-04-19 01:55:50,476 models 3532 140304818218752 Success for hour 6
INFO 2013-04-19 01:55:50,479 models 3532 140304818218752 Getting page: http://90fmtrivia.org/scores_page/Scores2009/results7.htm
INFO 2013-04-19 01:55:51,295 models 3532 140304818218752 Success for hour 7
INFO 2013-04-19 01:55:51,299 models 3532 140304818218752 Getting page: http://90fmtrivia.org/scores_page/Scores2009/results8.htm
INFO 2013-04-19 01:55:52,105 models 3532 140304818218752 Success for hour 8
INFO 2013-04-19 01:55:52,108 models 3532 140304818218752 Getting page: http://90fmtrivia.org/scores_page/Scores2009/results9.htm
INFO 2013-04-19 01:55:52,890 models 3532 140304818218752 Success for hour 9
INFO 2013-04-19 01:55:52,892 models 3532 140304818218752 Getting page: http://90fmtrivia.org/scores_page/Scores2009/results10.htm
INFO 2013-04-19 01:55:53,697 models 3532 140304818218752 Success for hour 10
INFO 2013-04-19 01:55:53,700 models 3532 140304818218752 Getting page: http://90fmtrivia.org/scores_page/Scores2009/results11.htm
INFO 2013-04-19 01:55:54,471 models 3532 140304818218752 Success for hour 11
INFO 2013-04-19 01:55:54,476 models 3532 140304818218752 Getting page: http://90fmtrivia.org/scores_page/Scores2009/results12.htm
INFO 2013-04-19 01:55:55,259 models 3532 140304818218752 Success for hour 12
INFO 2013-04-19 01:55:55,263 models 3532 140304818218752 Getting page: http://90fmtrivia.org/scores_page/Scores2009/results13.htm
INFO 2013-04-19 01:55:56,037 models 3532 140304818218752 Success for hour 13
INFO 2013-04-19 01:55:56,042 models 3532 140304818218752 Getting page: http://90fmtrivia.org/scores_page/Scores2009/results14.htm
INFO 2013-04-19 01:55:56,821 models 3532 140304818218752 Success for hour 14
INFO 2013-04-19 01:55:56,823 models 3532 140304818218752 Getting page: http://90fmtrivia.org/scores_page/Scores2009/results15.htm
INFO 2013-04-19 01:55:57,616 models 3532 140304818218752 Success for hour 15
INFO 2013-04-19 01:55:57,618 models 3532 140304818218752 Getting page: http://90fmtrivia.org/scores_page/Scores2009/results16.htm
INFO 2013-04-19 01:55:58,406 models 3532 140304818218752 Success for hour 16
INFO 2013-04-19 01:55:58,410 models 3532 140304818218752 Getting page: http://90fmtrivia.org/scores_page/Scores2009/results17.htm
INFO 2013-04-19 01:55:59,242 models 3532 140304818218752 Success for hour 17
INFO 2013-04-19 01:55:59,245 models 3532 140304818218752 Getting page: http://90fmtrivia.org/scores_page/Scores2009/results18.htm
INFO 2013-04-19 01:56:00,035 models 3532 140304818218752 Success for hour 18
INFO 2013-04-19 01:56:00,037 models 3532 140304818218752 Getting page: http://90fmtrivia.org/scores_page/Scores2009/results19.htm
INFO 2013-04-19 01:56:00,864 models 3532 140304818218752 Success for hour 19
INFO 2013-04-19 01:56:00,867 models 3532 140304818218752 Getting page: http://90fmtrivia.org/scores_page/Scores2009/results20.htm
INFO 2013-04-19 01:56:01,659 models 3532 140304818218752 Success for hour 20
INFO 2013-04-19 01:56:01,662 models 3532 140304818218752 Getting page: http://90fmtrivia.org/scores_page/Scores2009/results21.htm
INFO 2013-04-19 01:56:02,442 models 3532 140304818218752 Success for hour 21
INFO 2013-04-19 01:56:02,445 models 3532 140304818218752 Getting page: http://90fmtrivia.org/scores_page/Scores2009/results22.htm
INFO 2013-04-19 01:56:03,238 models 3532 140304818218752 Success for hour 22
INFO 2013-04-19 01:56:03,240 models 3532 140304818218752 Getting page: http://90fmtrivia.org/scores_page/Scores2009/results23.htm
INFO 2013-04-19 01:56:03,293 models 3532 140304818218752 Checking for hour 54 page. Yr: 2009, Hr: 23
INFO 2013-04-19 01:56:03,293 models 3532 140304818218752 Hour 54 Finals: 
INFO 2013-04-19 01:56:03,293 models 3532 140304818218752 No data for this hour (yet?): 23
INFO 2013-04-19 01:56:03,794 models 3532 140304818218752 Success for hour 23
INFO 2013-04-19 01:56:03,797 models 3532 140304818218752 Getting page: http://90fmtrivia.org/scores_page/Scores2009/results24.htm
INFO 2013-04-19 01:56:03,851 models 3532 140304818218752 Checking for hour 54 page. Yr: 2009, Hr: 24
INFO 2013-04-19 01:56:03,852 models 3532 140304818218752 Hour 54 Finals: 
INFO 2013-04-19 01:56:03,852 models 3532 140304818218752 No data for this hour (yet?): 24
INFO 2013-04-19 01:56:04,353 models 3532 140304818218752 Success for hour 24
INFO 2013-04-19 01:56:04,356 models 3532 140304818218752 Getting page: http://90fmtrivia.org/scores_page/Scores2009/results25.htm
INFO 2013-04-19 01:56:05,135 models 3532 140304818218752 Success for hour 25
INFO 2013-04-19 01:56:05,137 models 3532 140304818218752 Getting page: http://90fmtrivia.org/scores_page/Scores2009/results26.htm
INFO 2013-04-19 01:56:05,938 models 3532 140304818218752 Success for hour 26
INFO 2013-04-19 01:56:05,942 models 3532 140304818218752 Getting page: http://90fmtrivia.org/scores_page/Scores2009/results27.htm
INFO 2013-04-19 01:56:06,736 models 3532 140304818218752 Success for hour 27
INFO 2013-04-19 01:56:06,740 models 3532 140304818218752 Getting page: http://90fmtrivia.org/scores_page/Scores2009/results28.htm
INFO 2013-04-19 01:56:06,801 models 3532 140304818218752 Checking for hour 54 page. Yr: 2009, Hr: 28
INFO 2013-04-19 01:56:06,801 models 3532 140304818218752 Hour 54 Finals: 
INFO 2013-04-19 01:56:06,802 models 3532 140304818218752 No data for this hour (yet?): 28
INFO 2013-04-19 01:56:07,302 models 3532 140304818218752 Success for hour 28
INFO 2013-04-19 01:56:07,308 models 3532 140304818218752 Getting page: http://90fmtrivia.org/scores_page/Scores2009/results29.htm
INFO 2013-04-19 01:56:07,374 models 3532 140304818218752 Checking for hour 54 page. Yr: 2009, Hr: 29
INFO 2013-04-19 01:56:07,374 models 3532 140304818218752 Hour 54 Finals: 
INFO 2013-04-19 01:56:07,375 models 3532 140304818218752 No data for this hour (yet?): 29
INFO 2013-04-19 01:56:07,875 models 3532 140304818218752 Success for hour 29
INFO 2013-04-19 01:56:07,879 models 3532 140304818218752 Getting page: http://90fmtrivia.org/scores_page/Scores2009/results30.htm
INFO 2013-04-19 01:56:07,933 models 3532 140304818218752 Checking for hour 54 page. Yr: 2009, Hr: 30
INFO 2013-04-19 01:56:07,933 models 3532 140304818218752 Hour 54 Finals: 
INFO 2013-04-19 01:56:07,933 models 3532 140304818218752 No data for this hour (yet?): 30
INFO 2013-04-19 01:56:08,434 models 3532 140304818218752 Success for hour 30
INFO 2013-04-19 01:56:08,438 models 3532 140304818218752 Getting page: http://90fmtrivia.org/scores_page/Scores2009/results31.htm
INFO 2013-04-19 01:56:09,269 models 3532 140304818218752 Success for hour 31
INFO 2013-04-19 01:56:09,273 models 3532 140304818218752 Getting page: http://90fmtrivia.org/scores_page/Scores2009/results32.htm
INFO 2013-04-19 01:56:09,331 models 3532 140304818218752 Checking for hour 54 page. Yr: 2009, Hr: 32
INFO 2013-04-19 01:56:09,331 models 3532 140304818218752 Hour 54 Finals: 
INFO 2013-04-19 01:56:09,332 models 3532 140304818218752 No data for this hour (yet?): 32
INFO 2013-04-19 01:56:09,832 models 3532 140304818218752 Success for hour 32
INFO 2013-04-19 01:56:09,835 models 3532 140304818218752 Getting page: http://90fmtrivia.org/scores_page/Scores2009/results33.htm
INFO 2013-04-19 01:56:10,641 models 3532 140304818218752 Success for hour 33
INFO 2013-04-19 01:56:10,643 models 3532 140304818218752 Getting page: http://90fmtrivia.org/scores_page/Scores2009/results34.htm
INFO 2013-04-19 01:56:11,444 models 3532 140304818218752 Success for hour 34
INFO 2013-04-19 01:56:11,446 models 3532 140304818218752 Getting page: http://90fmtrivia.org/scores_page/Scores2009/results35.htm
INFO 2013-04-19 01:56:12,257 models 3532 140304818218752 Success for hour 35
INFO 2013-04-19 01:56:12,262 models 3532 140304818218752 Getting page: http://90fmtrivia.org/scores_page/Scores2009/results36.htm
INFO 2013-04-19 01:56:12,313 models 3532 140304818218752 Checking for hour 54 page. Yr: 2009, Hr: 36
INFO 2013-04-19 01:56:12,313 models 3532 140304818218752 Hour 54 Finals: 
INFO 2013-04-19 01:56:12,313 models 3532 140304818218752 No data for this hour (yet?): 36
INFO 2013-04-19 01:56:12,814 models 3532 140304818218752 Success for hour 36
INFO 2013-04-19 01:56:12,818 models 3532 140304818218752 Getting page: http://90fmtrivia.org/scores_page/Scores2009/results37.htm
INFO 2013-04-19 01:56:12,874 models 3532 140304818218752 Checking for hour 54 page. Yr: 2009, Hr: 37
INFO 2013-04-19 01:56:12,874 models 3532 140304818218752 Hour 54 Finals: 
INFO 2013-04-19 01:56:12,875 models 3532 140304818218752 No data for this hour (yet?): 37
INFO 2013-04-19 01:56:13,375 models 3532 140304818218752 Success for hour 37
INFO 2013-04-19 01:56:13,379 models 3532 140304818218752 Getting page: http://90fmtrivia.org/scores_page/Scores2009/results38.htm
INFO 2013-04-19 01:56:14,186 models 3532 140304818218752 Success for hour 38
INFO 2013-04-19 01:56:14,188 models 3532 140304818218752 Getting page: http://90fmtrivia.org/scores_page/Scores2009/results39.htm
INFO 2013-04-19 01:56:14,994 models 3532 140304818218752 Success for hour 39
INFO 2013-04-19 01:56:14,996 models 3532 140304818218752 Getting page: http://90fmtrivia.org/scores_page/Scores2009/results40.htm
INFO 2013-04-19 01:56:15,818 models 3532 140304818218752 Success for hour 40
INFO 2013-04-19 01:56:15,820 models 3532 140304818218752 Getting page: http://90fmtrivia.org/scores_page/Scores2009/results41.htm
INFO 2013-04-19 01:56:16,633 models 3532 140304818218752 Success for hour 41
INFO 2013-04-19 01:56:16,635 models 3532 140304818218752 Getting page: http://90fmtrivia.org/scores_page/Scores2009/results42.htm
INFO 2013-04-19 01:56:17,446 models 3532 140304818218752 Success for hour 42
INFO 2013-04-19 01:56:17,448 models 3532 140304818218752 Getting page: http://90fmtrivia.org/scores_page/Scores2009/results43.htm
INFO 2013-04-19 01:56:18,281 models 3532 140304818218752 Success for hour 43
INFO 2013-04-19 01:56:18,282 models 3532 140304818218752 Getting page: http://90fmtrivia.org/scores_page/Scores2009/results44.htm
INFO 2013-04-19 01:56:19,090 models 3532 140304818218752 Success for hour 44
INFO 2013-04-19 01:56:19,092 models 3532 140304818218752 Getting page: http://90fmtrivia.org/scores_page/Scores2009/results45.htm
INFO 2013-04-19 01:56:19,148 models 3532 140304818218752 Checking for hour 54 page. Yr: 2009, Hr: 45
INFO 2013-04-19 01:56:19,148 models 3532 140304818218752 Hour 54 Finals: 
INFO 2013-04-19 01:56:19,148 models 3532 140304818218752 No data for this hour (yet?): 45
INFO 2013-04-19 01:56:19,649 models 3532 140304818218752 Success for hour 45
INFO 2013-04-19 01:56:19,651 models 3532 140304818218752 Getting page: http://90fmtrivia.org/scores_page/Scores2009/results46.htm
INFO 2013-04-19 01:56:20,458 models 3532 140304818218752 Success for hour 46
INFO 2013-04-19 01:56:20,460 models 3532 140304818218752 Getting page: http://90fmtrivia.org/scores_page/Scores2009/results47.htm
INFO 2013-04-19 01:56:21,269 models 3532 140304818218752 Success for hour 47
INFO 2013-04-19 01:56:21,272 models 3532 140304818218752 Getting page: http://90fmtrivia.org/scores_page/Scores2009/results48.htm
INFO 2013-04-19 01:56:21,323 models 3532 140304818218752 Checking for hour 54 page. Yr: 2009, Hr: 48
INFO 2013-04-19 01:56:21,323 models 3532 140304818218752 Hour 54 Finals: 
INFO 2013-04-19 01:56:21,323 models 3532 140304818218752 No data for this hour (yet?): 48
INFO 2013-04-19 01:56:21,823 models 3532 140304818218752 Success for hour 48
INFO 2013-04-19 01:56:21,826 models 3532 140304818218752 Getting page: http://90fmtrivia.org/scores_page/Scores2009/results49.htm
INFO 2013-04-19 01:56:21,875 models 3532 140304818218752 Checking for hour 54 page. Yr: 2009, Hr: 49
INFO 2013-04-19 01:56:21,875 models 3532 140304818218752 Hour 54 Finals: 
INFO 2013-04-19 01:56:21,875 models 3532 140304818218752 No data for this hour (yet?): 49
INFO 2013-04-19 01:56:22,376 models 3532 140304818218752 Success for hour 49
INFO 2013-04-19 01:56:22,378 models 3532 140304818218752 Getting page: http://90fmtrivia.org/scores_page/Scores2009/results50.htm
INFO 2013-04-19 01:56:22,439 models 3532 140304818218752 Checking for hour 54 page. Yr: 2009, Hr: 50
INFO 2013-04-19 01:56:22,439 models 3532 140304818218752 Hour 54 Finals: 
INFO 2013-04-19 01:56:22,439 models 3532 140304818218752 No data for this hour (yet?): 50
INFO 2013-04-19 01:56:22,940 models 3532 140304818218752 Success for hour 50
INFO 2013-04-19 01:56:22,942 models 3532 140304818218752 Getting page: http://90fmtrivia.org/scores_page/Scores2009/results51.htm
INFO 2013-04-19 01:56:23,000 models 3532 140304818218752 Checking for hour 54 page. Yr: 2009, Hr: 51
INFO 2013-04-19 01:56:23,000 models 3532 140304818218752 Hour 54 Finals: 
INFO 2013-04-19 01:56:23,000 models 3532 140304818218752 No data for this hour (yet?): 51
INFO 2013-04-19 01:56:23,501 models 3532 140304818218752 Success for hour 51
INFO 2013-04-19 01:56:23,502 models 3532 140304818218752 Getting page: http://90fmtrivia.org/scores_page/Scores2009/results52.htm
INFO 2013-04-19 01:56:23,554 models 3532 140304818218752 Checking for hour 54 page. Yr: 2009, Hr: 52
INFO 2013-04-19 01:56:23,554 models 3532 140304818218752 Hour 54 Finals: 
INFO 2013-04-19 01:56:23,554 models 3532 140304818218752 No data for this hour (yet?): 52
INFO 2013-04-19 01:56:24,055 models 3532 140304818218752 Success for hour 52
INFO 2013-04-19 01:56:24,057 models 3532 140304818218752 Getting page: http://90fmtrivia.org/scores_page/Scores2009/results53.htm
INFO 2013-04-19 01:56:24,105 models 3532 140304818218752 Checking for hour 54 page. Yr: 2009, Hr: 53
INFO 2013-04-19 01:56:24,105 models 3532 140304818218752 Hour 54 Finals: 
INFO 2013-04-19 01:56:24,105 models 3532 140304818218752 No data for this hour (yet?): 53
INFO 2013-04-19 01:56:24,606 models 3532 140304818218752 Success for hour 53
INFO 2013-04-19 01:56:24,608 models 3532 140304818218752 Getting page: http://90fmtrivia.org/scores_page/Scores2009/results54.htm
INFO 2013-04-19 01:56:25,414 models 3532 140304818218752 Success for hour 54
ERROR 2013-04-19 01:56:28,235 models 3532 140304818218752 Failed email notify for hour 54 for team name WWII. Found 0 scores.
INFO 2013-04-19 01:56:30,317 models 3532 140304818218752 Success for hours: [1, 2, 3, 4, 5, 6, 7, 8, 9, 10, 11, 12, 13, 14, 15, 16, 17, 18, 19, 20, 21, 22, 25, 26, 27, 31, 33, 34, 35, 38, 39, 40, 41, 42, 43, 44, 46, 47, 54]
INFO 2013-04-19 02:10:17,507 models 4574 140359092004608 Already in DB
INFO 2013-04-19 02:10:18,008 models 4574 140359092004608 Success for hour 1
INFO 2013-04-19 02:10:18,020 models 4574 140359092004608 Already in DB
INFO 2013-04-19 02:10:18,521 models 4574 140359092004608 Success for hour 2
INFO 2013-04-19 02:10:18,539 models 4574 140359092004608 Already in DB
INFO 2013-04-19 02:10:19,040 models 4574 140359092004608 Success for hour 3
INFO 2013-04-19 02:10:19,052 models 4574 140359092004608 Already in DB
INFO 2013-04-19 02:10:19,553 models 4574 140359092004608 Success for hour 4
INFO 2013-04-19 02:10:19,566 models 4574 140359092004608 Already in DB
INFO 2013-04-19 02:10:20,067 models 4574 140359092004608 Success for hour 5
INFO 2013-04-19 02:10:20,087 models 4574 140359092004608 Already in DB
INFO 2013-04-19 02:10:20,588 models 4574 140359092004608 Success for hour 6
INFO 2013-04-19 02:10:20,606 models 4574 140359092004608 Already in DB
INFO 2013-04-19 02:10:21,107 models 4574 140359092004608 Success for hour 7
INFO 2013-04-19 02:10:21,128 models 4574 140359092004608 Already in DB
INFO 2013-04-19 02:10:21,629 models 4574 140359092004608 Success for hour 8
INFO 2013-04-19 02:10:21,648 models 4574 140359092004608 Already in DB
INFO 2013-04-19 02:10:22,149 models 4574 140359092004608 Success for hour 9
INFO 2013-04-19 02:10:22,169 models 4574 140359092004608 Already in DB
INFO 2013-04-19 02:10:22,671 models 4574 140359092004608 Success for hour 10
INFO 2013-04-19 02:10:22,690 models 4574 140359092004608 Already in DB
INFO 2013-04-19 02:10:23,191 models 4574 140359092004608 Success for hour 11
INFO 2013-04-19 02:10:23,209 models 4574 140359092004608 Already in DB
INFO 2013-04-19 02:10:23,710 models 4574 140359092004608 Success for hour 12
INFO 2013-04-19 02:10:23,726 models 4574 140359092004608 Already in DB
INFO 2013-04-19 02:10:24,227 models 4574 140359092004608 Success for hour 13
INFO 2013-04-19 02:10:24,249 models 4574 140359092004608 Already in DB
INFO 2013-04-19 02:10:24,750 models 4574 140359092004608 Success for hour 14
INFO 2013-04-19 02:10:24,759 models 4574 140359092004608 Already in DB
INFO 2013-04-19 02:10:25,260 models 4574 140359092004608 Success for hour 15
INFO 2013-04-19 02:10:25,271 models 4574 140359092004608 Already in DB
INFO 2013-04-19 02:10:25,772 models 4574 140359092004608 Success for hour 16
INFO 2013-04-19 02:10:25,784 models 4574 140359092004608 Already in DB
INFO 2013-04-19 02:10:26,285 models 4574 140359092004608 Success for hour 17
INFO 2013-04-19 02:10:26,303 models 4574 140359092004608 Already in DB
INFO 2013-04-19 02:10:26,804 models 4574 140359092004608 Success for hour 18
INFO 2013-04-19 02:10:26,816 models 4574 140359092004608 Already in DB
INFO 2013-04-19 02:10:27,317 models 4574 140359092004608 Success for hour 19
INFO 2013-04-19 02:10:27,329 models 4574 140359092004608 Already in DB
INFO 2013-04-19 02:10:27,830 models 4574 140359092004608 Success for hour 20
INFO 2013-04-19 02:10:27,852 models 4574 140359092004608 Already in DB
INFO 2013-04-19 02:10:28,353 models 4574 140359092004608 Success for hour 21
INFO 2013-04-19 02:10:28,369 models 4574 140359092004608 Already in DB
INFO 2013-04-19 02:10:28,870 models 4574 140359092004608 Success for hour 22
INFO 2013-04-19 02:10:28,873 models 4574 140359092004608 Getting page: http://90fmtrivia.org/scores_page/Scores2009/results23.htm
INFO 2013-04-19 02:10:29,012 models 4574 140359092004608 Checking for hour 54 page. Yr: 2009, Hr: 23
INFO 2013-04-19 02:10:29,012 models 4574 140359092004608 Hour 54 Finals: 
INFO 2013-04-19 02:10:29,012 models 4574 140359092004608 No data for this hour (yet?): 23
INFO 2013-04-19 02:10:29,513 models 4574 140359092004608 Success for hour 23
INFO 2013-04-19 02:10:29,517 models 4574 140359092004608 Getting page: http://90fmtrivia.org/scores_page/Scores2009/results24.htm
INFO 2013-04-19 02:10:29,570 models 4574 140359092004608 Checking for hour 54 page. Yr: 2009, Hr: 24
INFO 2013-04-19 02:10:29,570 models 4574 140359092004608 Hour 54 Finals: 
INFO 2013-04-19 02:10:29,570 models 4574 140359092004608 No data for this hour (yet?): 24
INFO 2013-04-19 02:10:30,071 models 4574 140359092004608 Success for hour 24
INFO 2013-04-19 02:10:30,102 models 4574 140359092004608 Already in DB
INFO 2013-04-19 02:10:30,603 models 4574 140359092004608 Success for hour 25
INFO 2013-04-19 02:10:30,622 models 4574 140359092004608 Already in DB
INFO 2013-04-19 02:10:31,123 models 4574 140359092004608 Success for hour 26
INFO 2013-04-19 02:10:31,143 models 4574 140359092004608 Already in DB
INFO 2013-04-19 02:10:31,644 models 4574 140359092004608 Success for hour 27
INFO 2013-04-19 02:10:31,648 models 4574 140359092004608 Getting page: http://90fmtrivia.org/scores_page/Scores2009/results28.htm
INFO 2013-04-19 02:10:31,762 models 4574 140359092004608 Checking for hour 54 page. Yr: 2009, Hr: 28
INFO 2013-04-19 02:10:31,762 models 4574 140359092004608 Hour 54 Finals: 
INFO 2013-04-19 02:10:31,762 models 4574 140359092004608 No data for this hour (yet?): 28
INFO 2013-04-19 02:10:32,263 models 4574 140359092004608 Success for hour 28
INFO 2013-04-19 02:10:32,267 models 4574 140359092004608 Getting page: http://90fmtrivia.org/scores_page/Scores2009/results29.htm
INFO 2013-04-19 02:10:32,319 models 4574 140359092004608 Checking for hour 54 page. Yr: 2009, Hr: 29
INFO 2013-04-19 02:10:32,320 models 4574 140359092004608 Hour 54 Finals: 
INFO 2013-04-19 02:10:32,320 models 4574 140359092004608 No data for this hour (yet?): 29
INFO 2013-04-19 02:10:32,821 models 4574 140359092004608 Success for hour 29
INFO 2013-04-19 02:10:32,822 models 4574 140359092004608 Getting page: http://90fmtrivia.org/scores_page/Scores2009/results30.htm
INFO 2013-04-19 02:10:32,874 models 4574 140359092004608 Checking for hour 54 page. Yr: 2009, Hr: 30
INFO 2013-04-19 02:10:32,874 models 4574 140359092004608 Hour 54 Finals: 
INFO 2013-04-19 02:10:32,874 models 4574 140359092004608 No data for this hour (yet?): 30
INFO 2013-04-19 02:10:33,375 models 4574 140359092004608 Success for hour 30
INFO 2013-04-19 02:10:33,385 models 4574 140359092004608 Already in DB
INFO 2013-04-19 02:10:33,886 models 4574 140359092004608 Success for hour 31
INFO 2013-04-19 02:10:33,888 models 4574 140359092004608 Getting page: http://90fmtrivia.org/scores_page/Scores2009/results32.htm
INFO 2013-04-19 02:10:33,937 models 4574 140359092004608 Checking for hour 54 page. Yr: 2009, Hr: 32
INFO 2013-04-19 02:10:33,938 models 4574 140359092004608 Hour 54 Finals: 
INFO 2013-04-19 02:10:33,938 models 4574 140359092004608 No data for this hour (yet?): 32
INFO 2013-04-19 02:10:34,438 models 4574 140359092004608 Success for hour 32
INFO 2013-04-19 02:10:34,450 models 4574 140359092004608 Already in DB
INFO 2013-04-19 02:10:34,951 models 4574 140359092004608 Success for hour 33
INFO 2013-04-19 02:10:34,963 models 4574 140359092004608 Already in DB
INFO 2013-04-19 02:10:35,464 models 4574 140359092004608 Success for hour 34
INFO 2013-04-19 02:10:35,476 models 4574 140359092004608 Already in DB
INFO 2013-04-19 02:10:35,977 models 4574 140359092004608 Success for hour 35
INFO 2013-04-19 02:10:35,980 models 4574 140359092004608 Getting page: http://90fmtrivia.org/scores_page/Scores2009/results36.htm
INFO 2013-04-19 02:10:36,030 models 4574 140359092004608 Checking for hour 54 page. Yr: 2009, Hr: 36
INFO 2013-04-19 02:10:36,031 models 4574 140359092004608 Hour 54 Finals: 
INFO 2013-04-19 02:10:36,031 models 4574 140359092004608 No data for this hour (yet?): 36
INFO 2013-04-19 02:10:36,531 models 4574 140359092004608 Success for hour 36
INFO 2013-04-19 02:10:36,534 models 4574 140359092004608 Getting page: http://90fmtrivia.org/scores_page/Scores2009/results37.htm
INFO 2013-04-19 02:10:36,584 models 4574 140359092004608 Checking for hour 54 page. Yr: 2009, Hr: 37
INFO 2013-04-19 02:10:36,584 models 4574 140359092004608 Hour 54 Finals: 
INFO 2013-04-19 02:10:36,584 models 4574 140359092004608 No data for this hour (yet?): 37
INFO 2013-04-19 02:10:37,085 models 4574 140359092004608 Success for hour 37
INFO 2013-04-19 02:10:37,095 models 4574 140359092004608 Already in DB
INFO 2013-04-19 02:10:37,596 models 4574 140359092004608 Success for hour 38
INFO 2013-04-19 02:10:37,607 models 4574 140359092004608 Already in DB
INFO 2013-04-19 02:10:38,107 models 4574 140359092004608 Success for hour 39
INFO 2013-04-19 02:10:38,119 models 4574 140359092004608 Already in DB
INFO 2013-04-19 02:10:38,621 models 4574 140359092004608 Success for hour 40
INFO 2013-04-19 02:10:38,632 models 4574 140359092004608 Already in DB
INFO 2013-04-19 02:10:39,133 models 4574 140359092004608 Success for hour 41
INFO 2013-04-19 02:10:39,143 models 4574 140359092004608 Already in DB
INFO 2013-04-19 02:10:39,644 models 4574 140359092004608 Success for hour 42
INFO 2013-04-19 02:10:39,656 models 4574 140359092004608 Already in DB
INFO 2013-04-19 02:10:40,157 models 4574 140359092004608 Success for hour 43
INFO 2013-04-19 02:10:40,168 models 4574 140359092004608 Already in DB
INFO 2013-04-19 02:10:40,669 models 4574 140359092004608 Success for hour 44
INFO 2013-04-19 02:10:40,671 models 4574 140359092004608 Getting page: http://90fmtrivia.org/scores_page/Scores2009/results45.htm
INFO 2013-04-19 02:10:40,723 models 4574 140359092004608 Checking for hour 54 page. Yr: 2009, Hr: 45
INFO 2013-04-19 02:10:40,723 models 4574 140359092004608 Hour 54 Finals: 
INFO 2013-04-19 02:10:40,723 models 4574 140359092004608 No data for this hour (yet?): 45
INFO 2013-04-19 02:10:41,224 models 4574 140359092004608 Success for hour 45
INFO 2013-04-19 02:10:41,235 models 4574 140359092004608 Already in DB
INFO 2013-04-19 02:10:41,736 models 4574 140359092004608 Success for hour 46
INFO 2013-04-19 02:10:41,747 models 4574 140359092004608 Already in DB
INFO 2013-04-19 02:10:42,248 models 4574 140359092004608 Success for hour 47
INFO 2013-04-19 02:10:42,250 models 4574 140359092004608 Getting page: http://90fmtrivia.org/scores_page/Scores2009/results48.htm
INFO 2013-04-19 02:10:42,299 models 4574 140359092004608 Checking for hour 54 page. Yr: 2009, Hr: 48
INFO 2013-04-19 02:10:42,300 models 4574 140359092004608 Hour 54 Finals: 
INFO 2013-04-19 02:10:42,300 models 4574 140359092004608 No data for this hour (yet?): 48
INFO 2013-04-19 02:10:42,800 models 4574 140359092004608 Success for hour 48
INFO 2013-04-19 02:10:42,802 models 4574 140359092004608 Getting page: http://90fmtrivia.org/scores_page/Scores2009/results49.htm
INFO 2013-04-19 02:10:42,853 models 4574 140359092004608 Checking for hour 54 page. Yr: 2009, Hr: 49
INFO 2013-04-19 02:10:42,853 models 4574 140359092004608 Hour 54 Finals: 
INFO 2013-04-19 02:10:42,853 models 4574 140359092004608 No data for this hour (yet?): 49
INFO 2013-04-19 02:10:43,354 models 4574 140359092004608 Success for hour 49
INFO 2013-04-19 02:10:43,356 models 4574 140359092004608 Getting page: http://90fmtrivia.org/scores_page/Scores2009/results50.htm
INFO 2013-04-19 02:10:43,405 models 4574 140359092004608 Checking for hour 54 page. Yr: 2009, Hr: 50
INFO 2013-04-19 02:10:43,405 models 4574 140359092004608 Hour 54 Finals: 
INFO 2013-04-19 02:10:43,405 models 4574 140359092004608 No data for this hour (yet?): 50
INFO 2013-04-19 02:10:43,906 models 4574 140359092004608 Success for hour 50
INFO 2013-04-19 02:10:43,907 models 4574 140359092004608 Getting page: http://90fmtrivia.org/scores_page/Scores2009/results51.htm
INFO 2013-04-19 02:10:43,956 models 4574 140359092004608 Checking for hour 54 page. Yr: 2009, Hr: 51
INFO 2013-04-19 02:10:43,957 models 4574 140359092004608 Hour 54 Finals: 
INFO 2013-04-19 02:10:43,957 models 4574 140359092004608 No data for this hour (yet?): 51
INFO 2013-04-19 02:10:44,457 models 4574 140359092004608 Success for hour 51
INFO 2013-04-19 02:10:44,459 models 4574 140359092004608 Getting page: http://90fmtrivia.org/scores_page/Scores2009/results52.htm
INFO 2013-04-19 02:10:44,512 models 4574 140359092004608 Checking for hour 54 page. Yr: 2009, Hr: 52
INFO 2013-04-19 02:10:44,513 models 4574 140359092004608 Hour 54 Finals: 
INFO 2013-04-19 02:10:44,513 models 4574 140359092004608 No data for this hour (yet?): 52
INFO 2013-04-19 02:10:45,013 models 4574 140359092004608 Success for hour 52
INFO 2013-04-19 02:10:45,015 models 4574 140359092004608 Getting page: http://90fmtrivia.org/scores_page/Scores2009/results53.htm
INFO 2013-04-19 02:10:45,066 models 4574 140359092004608 Checking for hour 54 page. Yr: 2009, Hr: 53
INFO 2013-04-19 02:10:45,066 models 4574 140359092004608 Hour 54 Finals: 
INFO 2013-04-19 02:10:45,066 models 4574 140359092004608 No data for this hour (yet?): 53
INFO 2013-04-19 02:10:45,567 models 4574 140359092004608 Success for hour 53
INFO 2013-04-19 02:10:45,579 models 4574 140359092004608 Already in DB
INFO 2013-04-19 02:10:46,080 models 4574 140359092004608 Success for hour 54
INFO 2013-04-19 02:10:46,081 models 4574 140359092004608 Success for hours: []
INFO 2013-04-19 02:15:48,816 models 4773 139960695658240 Getting page: http://90fmtrivia.org/TriviaScores2013/scorePages/results01.htm
INFO 2013-04-19 02:15:48,976 models 4773 139960695658240 Checking for hour 54 page. Yr: 2013, Hr: 01
INFO 2013-04-19 02:15:48,976 models 4773 139960695658240 Hour 54 Finals: 
INFO 2013-04-19 02:15:48,977 models 4773 139960695658240 No data for this hour (yet?): 01
INFO 2013-04-19 02:15:49,477 models 4773 139960695658240 Success for hour 1
INFO 2013-04-19 02:15:49,480 models 4773 139960695658240 Getting page: http://90fmtrivia.org/TriviaScores2013/scorePages/results02.htm
INFO 2013-04-19 02:15:49,534 models 4773 139960695658240 Checking for hour 54 page. Yr: 2013, Hr: 02
INFO 2013-04-19 02:15:49,534 models 4773 139960695658240 Hour 54 Finals: 
INFO 2013-04-19 02:15:49,534 models 4773 139960695658240 No data for this hour (yet?): 02
INFO 2013-04-19 02:15:50,035 models 4773 139960695658240 Success for hour 2
INFO 2013-04-19 02:15:50,038 models 4773 139960695658240 Getting page: http://90fmtrivia.org/TriviaScores2013/scorePages/results03.htm
INFO 2013-04-19 02:15:50,087 models 4773 139960695658240 Checking for hour 54 page. Yr: 2013, Hr: 03
INFO 2013-04-19 02:15:50,087 models 4773 139960695658240 Hour 54 Finals: 
INFO 2013-04-19 02:15:50,087 models 4773 139960695658240 No data for this hour (yet?): 03
INFO 2013-04-19 02:15:50,588 models 4773 139960695658240 Success for hour 3
INFO 2013-04-19 02:15:50,591 models 4773 139960695658240 Getting page: http://90fmtrivia.org/TriviaScores2013/scorePages/results04.htm
INFO 2013-04-19 02:15:50,641 models 4773 139960695658240 Checking for hour 54 page. Yr: 2013, Hr: 04
INFO 2013-04-19 02:15:50,641 models 4773 139960695658240 Hour 54 Finals: 
INFO 2013-04-19 02:15:50,642 models 4773 139960695658240 No data for this hour (yet?): 04
INFO 2013-04-19 02:15:51,142 models 4773 139960695658240 Success for hour 4
INFO 2013-04-19 02:15:51,145 models 4773 139960695658240 Getting page: http://90fmtrivia.org/TriviaScores2013/scorePages/results05.htm
INFO 2013-04-19 02:15:51,199 models 4773 139960695658240 Checking for hour 54 page. Yr: 2013, Hr: 05
INFO 2013-04-19 02:15:51,199 models 4773 139960695658240 Hour 54 Finals: 
INFO 2013-04-19 02:15:51,199 models 4773 139960695658240 No data for this hour (yet?): 05
INFO 2013-04-19 02:15:51,700 models 4773 139960695658240 Success for hour 5
INFO 2013-04-19 02:15:51,702 models 4773 139960695658240 Getting page: http://90fmtrivia.org/TriviaScores2013/scorePages/results06.htm
INFO 2013-04-19 02:15:51,757 models 4773 139960695658240 Checking for hour 54 page. Yr: 2013, Hr: 06
INFO 2013-04-19 02:15:51,758 models 4773 139960695658240 Hour 54 Finals: 
INFO 2013-04-19 02:15:51,758 models 4773 139960695658240 No data for this hour (yet?): 06
INFO 2013-04-19 02:15:52,258 models 4773 139960695658240 Success for hour 6
INFO 2013-04-19 02:15:52,261 models 4773 139960695658240 Getting page: http://90fmtrivia.org/TriviaScores2013/scorePages/results07.htm
INFO 2013-04-19 02:15:52,315 models 4773 139960695658240 Checking for hour 54 page. Yr: 2013, Hr: 07
INFO 2013-04-19 02:15:52,316 models 4773 139960695658240 Hour 54 Finals: 
INFO 2013-04-19 02:15:52,316 models 4773 139960695658240 No data for this hour (yet?): 07
INFO 2013-04-19 02:15:52,816 models 4773 139960695658240 Success for hour 7
INFO 2013-04-19 02:15:52,820 models 4773 139960695658240 Getting page: http://90fmtrivia.org/TriviaScores2013/scorePages/results08.htm
INFO 2013-04-19 02:15:52,874 models 4773 139960695658240 Checking for hour 54 page. Yr: 2013, Hr: 08
INFO 2013-04-19 02:15:52,874 models 4773 139960695658240 Hour 54 Finals: 
INFO 2013-04-19 02:15:52,874 models 4773 139960695658240 No data for this hour (yet?): 08
INFO 2013-04-19 02:15:53,375 models 4773 139960695658240 Success for hour 8
INFO 2013-04-19 02:15:53,378 models 4773 139960695658240 Getting page: http://90fmtrivia.org/TriviaScores2013/scorePages/results09.htm
INFO 2013-04-19 02:15:53,428 models 4773 139960695658240 Checking for hour 54 page. Yr: 2013, Hr: 09
INFO 2013-04-19 02:15:53,428 models 4773 139960695658240 Hour 54 Finals: 
INFO 2013-04-19 02:15:53,428 models 4773 139960695658240 No data for this hour (yet?): 09
INFO 2013-04-19 02:15:53,929 models 4773 139960695658240 Success for hour 9
INFO 2013-04-19 02:15:53,931 models 4773 139960695658240 Getting page: http://90fmtrivia.org/TriviaScores2013/scorePages/results10.htm
INFO 2013-04-19 02:15:54,035 models 4773 139960695658240 Checking for hour 54 page. Yr: 2013, Hr: 10
INFO 2013-04-19 02:15:54,036 models 4773 139960695658240 Hour 54 Finals: 
INFO 2013-04-19 02:15:54,036 models 4773 139960695658240 No data for this hour (yet?): 10
INFO 2013-04-19 02:15:54,536 models 4773 139960695658240 Success for hour 10
INFO 2013-04-19 02:15:54,539 models 4773 139960695658240 Getting page: http://90fmtrivia.org/TriviaScores2013/scorePages/results11.htm
INFO 2013-04-19 02:15:54,593 models 4773 139960695658240 Checking for hour 54 page. Yr: 2013, Hr: 11
INFO 2013-04-19 02:15:54,594 models 4773 139960695658240 Hour 54 Finals: 
INFO 2013-04-19 02:15:54,594 models 4773 139960695658240 No data for this hour (yet?): 11
INFO 2013-04-19 02:15:55,094 models 4773 139960695658240 Success for hour 11
INFO 2013-04-19 02:15:55,097 models 4773 139960695658240 Getting page: http://90fmtrivia.org/TriviaScores2013/scorePages/results12.htm
INFO 2013-04-19 02:15:55,149 models 4773 139960695658240 Checking for hour 54 page. Yr: 2013, Hr: 12
INFO 2013-04-19 02:15:55,149 models 4773 139960695658240 Hour 54 Finals: 
INFO 2013-04-19 02:15:55,149 models 4773 139960695658240 No data for this hour (yet?): 12
INFO 2013-04-19 02:15:55,650 models 4773 139960695658240 Success for hour 12
INFO 2013-04-19 02:15:55,653 models 4773 139960695658240 Getting page: http://90fmtrivia.org/TriviaScores2013/scorePages/results13.htm
INFO 2013-04-19 02:15:55,704 models 4773 139960695658240 Checking for hour 54 page. Yr: 2013, Hr: 13
INFO 2013-04-19 02:15:55,704 models 4773 139960695658240 Hour 54 Finals: 
INFO 2013-04-19 02:15:55,704 models 4773 139960695658240 No data for this hour (yet?): 13
INFO 2013-04-19 02:15:56,205 models 4773 139960695658240 Success for hour 13
INFO 2013-04-19 02:15:56,207 models 4773 139960695658240 Getting page: http://90fmtrivia.org/TriviaScores2013/scorePages/results14.htm
INFO 2013-04-19 02:15:56,258 models 4773 139960695658240 Checking for hour 54 page. Yr: 2013, Hr: 14
INFO 2013-04-19 02:15:56,258 models 4773 139960695658240 Hour 54 Finals: 
INFO 2013-04-19 02:15:56,258 models 4773 139960695658240 No data for this hour (yet?): 14
INFO 2013-04-19 02:15:56,758 models 4773 139960695658240 Success for hour 14
INFO 2013-04-19 02:15:56,761 models 4773 139960695658240 Getting page: http://90fmtrivia.org/TriviaScores2013/scorePages/results15.htm
INFO 2013-04-19 02:15:56,812 models 4773 139960695658240 Checking for hour 54 page. Yr: 2013, Hr: 15
INFO 2013-04-19 02:15:56,812 models 4773 139960695658240 Hour 54 Finals: 
INFO 2013-04-19 02:15:56,812 models 4773 139960695658240 No data for this hour (yet?): 15
INFO 2013-04-19 02:15:57,313 models 4773 139960695658240 Success for hour 15
INFO 2013-04-19 02:15:57,316 models 4773 139960695658240 Getting page: http://90fmtrivia.org/TriviaScores2013/scorePages/results16.htm
INFO 2013-04-19 02:15:57,371 models 4773 139960695658240 Checking for hour 54 page. Yr: 2013, Hr: 16
INFO 2013-04-19 02:15:57,371 models 4773 139960695658240 Hour 54 Finals: 
INFO 2013-04-19 02:15:57,371 models 4773 139960695658240 No data for this hour (yet?): 16
INFO 2013-04-19 02:15:57,872 models 4773 139960695658240 Success for hour 16
INFO 2013-04-19 02:15:57,875 models 4773 139960695658240 Getting page: http://90fmtrivia.org/TriviaScores2013/scorePages/results17.htm
INFO 2013-04-19 02:15:57,928 models 4773 139960695658240 Checking for hour 54 page. Yr: 2013, Hr: 17
INFO 2013-04-19 02:15:57,928 models 4773 139960695658240 Hour 54 Finals: 
INFO 2013-04-19 02:15:57,929 models 4773 139960695658240 No data for this hour (yet?): 17
INFO 2013-04-19 02:15:58,429 models 4773 139960695658240 Success for hour 17
INFO 2013-04-19 02:15:58,432 models 4773 139960695658240 Getting page: http://90fmtrivia.org/TriviaScores2013/scorePages/results18.htm
INFO 2013-04-19 02:15:58,482 models 4773 139960695658240 Checking for hour 54 page. Yr: 2013, Hr: 18
INFO 2013-04-19 02:15:58,482 models 4773 139960695658240 Hour 54 Finals: 
INFO 2013-04-19 02:15:58,482 models 4773 139960695658240 No data for this hour (yet?): 18
INFO 2013-04-19 02:15:58,983 models 4773 139960695658240 Success for hour 18
INFO 2013-04-19 02:15:58,986 models 4773 139960695658240 Getting page: http://90fmtrivia.org/TriviaScores2013/scorePages/results19.htm
INFO 2013-04-19 02:15:59,041 models 4773 139960695658240 Checking for hour 54 page. Yr: 2013, Hr: 19
INFO 2013-04-19 02:15:59,042 models 4773 139960695658240 Hour 54 Finals: 
INFO 2013-04-19 02:15:59,042 models 4773 139960695658240 No data for this hour (yet?): 19
INFO 2013-04-19 02:15:59,542 models 4773 139960695658240 Success for hour 19
INFO 2013-04-19 02:15:59,545 models 4773 139960695658240 Getting page: http://90fmtrivia.org/TriviaScores2013/scorePages/results20.htm
INFO 2013-04-19 02:15:59,601 models 4773 139960695658240 Checking for hour 54 page. Yr: 2013, Hr: 20
INFO 2013-04-19 02:15:59,601 models 4773 139960695658240 Hour 54 Finals: 
INFO 2013-04-19 02:15:59,601 models 4773 139960695658240 No data for this hour (yet?): 20
INFO 2013-04-19 02:16:00,101 models 4773 139960695658240 Success for hour 20
INFO 2013-04-19 02:16:00,104 models 4773 139960695658240 Getting page: http://90fmtrivia.org/TriviaScores2013/scorePages/results21.htm
INFO 2013-04-19 02:16:00,155 models 4773 139960695658240 Checking for hour 54 page. Yr: 2013, Hr: 21
INFO 2013-04-19 02:16:00,155 models 4773 139960695658240 Hour 54 Finals: 
INFO 2013-04-19 02:16:00,155 models 4773 139960695658240 No data for this hour (yet?): 21
INFO 2013-04-19 02:16:00,656 models 4773 139960695658240 Success for hour 21
INFO 2013-04-19 02:16:00,659 models 4773 139960695658240 Getting page: http://90fmtrivia.org/TriviaScores2013/scorePages/results22.htm
INFO 2013-04-19 02:16:00,712 models 4773 139960695658240 Checking for hour 54 page. Yr: 2013, Hr: 22
INFO 2013-04-19 02:16:00,713 models 4773 139960695658240 Hour 54 Finals: 
INFO 2013-04-19 02:16:00,713 models 4773 139960695658240 No data for this hour (yet?): 22
INFO 2013-04-19 02:16:01,213 models 4773 139960695658240 Success for hour 22
INFO 2013-04-19 02:16:01,216 models 4773 139960695658240 Getting page: http://90fmtrivia.org/TriviaScores2013/scorePages/results23.htm
INFO 2013-04-19 02:16:01,266 models 4773 139960695658240 Checking for hour 54 page. Yr: 2013, Hr: 23
INFO 2013-04-19 02:16:01,267 models 4773 139960695658240 Hour 54 Finals: 
INFO 2013-04-19 02:16:01,267 models 4773 139960695658240 No data for this hour (yet?): 23
INFO 2013-04-19 02:16:01,767 models 4773 139960695658240 Success for hour 23
INFO 2013-04-19 02:16:01,769 models 4773 139960695658240 Getting page: http://90fmtrivia.org/TriviaScores2013/scorePages/results24.htm
INFO 2013-04-19 02:16:01,821 models 4773 139960695658240 Checking for hour 54 page. Yr: 2013, Hr: 24
INFO 2013-04-19 02:16:01,821 models 4773 139960695658240 Hour 54 Finals: 
INFO 2013-04-19 02:16:01,821 models 4773 139960695658240 No data for this hour (yet?): 24
INFO 2013-04-19 02:16:02,322 models 4773 139960695658240 Success for hour 24
INFO 2013-04-19 02:16:02,324 models 4773 139960695658240 Getting page: http://90fmtrivia.org/TriviaScores2013/scorePages/results25.htm
INFO 2013-04-19 02:16:02,381 models 4773 139960695658240 Checking for hour 54 page. Yr: 2013, Hr: 25
INFO 2013-04-19 02:16:02,381 models 4773 139960695658240 Hour 54 Finals: 
INFO 2013-04-19 02:16:02,381 models 4773 139960695658240 No data for this hour (yet?): 25
INFO 2013-04-19 02:16:02,882 models 4773 139960695658240 Success for hour 25
INFO 2013-04-19 02:16:02,884 models 4773 139960695658240 Getting page: http://90fmtrivia.org/TriviaScores2013/scorePages/results26.htm
INFO 2013-04-19 02:16:02,935 models 4773 139960695658240 Checking for hour 54 page. Yr: 2013, Hr: 26
INFO 2013-04-19 02:16:02,935 models 4773 139960695658240 Hour 54 Finals: 
INFO 2013-04-19 02:16:02,935 models 4773 139960695658240 No data for this hour (yet?): 26
INFO 2013-04-19 02:16:03,436 models 4773 139960695658240 Success for hour 26
INFO 2013-04-19 02:16:03,439 models 4773 139960695658240 Getting page: http://90fmtrivia.org/TriviaScores2013/scorePages/results27.htm
INFO 2013-04-19 02:16:03,489 models 4773 139960695658240 Checking for hour 54 page. Yr: 2013, Hr: 27
INFO 2013-04-19 02:16:03,489 models 4773 139960695658240 Hour 54 Finals: 
INFO 2013-04-19 02:16:03,489 models 4773 139960695658240 No data for this hour (yet?): 27
INFO 2013-04-19 02:16:03,990 models 4773 139960695658240 Success for hour 27
INFO 2013-04-19 02:16:03,993 models 4773 139960695658240 Getting page: http://90fmtrivia.org/TriviaScores2013/scorePages/results28.htm
INFO 2013-04-19 02:16:04,045 models 4773 139960695658240 Checking for hour 54 page. Yr: 2013, Hr: 28
INFO 2013-04-19 02:16:04,045 models 4773 139960695658240 Hour 54 Finals: 
INFO 2013-04-19 02:16:04,045 models 4773 139960695658240 No data for this hour (yet?): 28
INFO 2013-04-19 02:16:04,546 models 4773 139960695658240 Success for hour 28
INFO 2013-04-19 02:16:04,548 models 4773 139960695658240 Getting page: http://90fmtrivia.org/TriviaScores2013/scorePages/results29.htm
INFO 2013-04-19 02:16:04,599 models 4773 139960695658240 Checking for hour 54 page. Yr: 2013, Hr: 29
INFO 2013-04-19 02:16:04,599 models 4773 139960695658240 Hour 54 Finals: 
INFO 2013-04-19 02:16:04,599 models 4773 139960695658240 No data for this hour (yet?): 29
INFO 2013-04-19 02:16:05,100 models 4773 139960695658240 Success for hour 29
INFO 2013-04-19 02:16:05,102 models 4773 139960695658240 Getting page: http://90fmtrivia.org/TriviaScores2013/scorePages/results30.htm
INFO 2013-04-19 02:16:05,154 models 4773 139960695658240 Checking for hour 54 page. Yr: 2013, Hr: 30
INFO 2013-04-19 02:16:05,154 models 4773 139960695658240 Hour 54 Finals: 
INFO 2013-04-19 02:16:05,154 models 4773 139960695658240 No data for this hour (yet?): 30
INFO 2013-04-19 02:16:05,655 models 4773 139960695658240 Success for hour 30
INFO 2013-04-19 02:16:05,657 models 4773 139960695658240 Getting page: http://90fmtrivia.org/TriviaScores2013/scorePages/results31.htm
INFO 2013-04-19 02:16:05,707 models 4773 139960695658240 Checking for hour 54 page. Yr: 2013, Hr: 31
INFO 2013-04-19 02:16:05,708 models 4773 139960695658240 Hour 54 Finals: 
INFO 2013-04-19 02:16:05,708 models 4773 139960695658240 No data for this hour (yet?): 31
INFO 2013-04-19 02:16:06,208 models 4773 139960695658240 Success for hour 31
INFO 2013-04-19 02:16:06,210 models 4773 139960695658240 Getting page: http://90fmtrivia.org/TriviaScores2013/scorePages/results32.htm
INFO 2013-04-19 02:16:06,261 models 4773 139960695658240 Checking for hour 54 page. Yr: 2013, Hr: 32
INFO 2013-04-19 02:16:06,261 models 4773 139960695658240 Hour 54 Finals: 
INFO 2013-04-19 02:16:06,261 models 4773 139960695658240 No data for this hour (yet?): 32
INFO 2013-04-19 02:16:06,762 models 4773 139960695658240 Success for hour 32
INFO 2013-04-19 02:16:06,765 models 4773 139960695658240 Getting page: http://90fmtrivia.org/TriviaScores2013/scorePages/results33.htm
INFO 2013-04-19 02:16:06,815 models 4773 139960695658240 Checking for hour 54 page. Yr: 2013, Hr: 33
INFO 2013-04-19 02:16:06,815 models 4773 139960695658240 Hour 54 Finals: 
INFO 2013-04-19 02:16:06,815 models 4773 139960695658240 No data for this hour (yet?): 33
INFO 2013-04-19 02:16:07,316 models 4773 139960695658240 Success for hour 33
INFO 2013-04-19 02:16:07,318 models 4773 139960695658240 Getting page: http://90fmtrivia.org/TriviaScores2013/scorePages/results34.htm
INFO 2013-04-19 02:16:07,368 models 4773 139960695658240 Checking for hour 54 page. Yr: 2013, Hr: 34
INFO 2013-04-19 02:16:07,368 models 4773 139960695658240 Hour 54 Finals: 
INFO 2013-04-19 02:16:07,368 models 4773 139960695658240 No data for this hour (yet?): 34
INFO 2013-04-19 02:16:07,869 models 4773 139960695658240 Success for hour 34
INFO 2013-04-19 02:16:07,871 models 4773 139960695658240 Getting page: http://90fmtrivia.org/TriviaScores2013/scorePages/results35.htm
INFO 2013-04-19 02:16:07,925 models 4773 139960695658240 Checking for hour 54 page. Yr: 2013, Hr: 35
INFO 2013-04-19 02:16:07,925 models 4773 139960695658240 Hour 54 Finals: 
INFO 2013-04-19 02:16:07,926 models 4773 139960695658240 No data for this hour (yet?): 35
INFO 2013-04-19 02:16:08,426 models 4773 139960695658240 Success for hour 35
INFO 2013-04-19 02:16:08,429 models 4773 139960695658240 Getting page: http://90fmtrivia.org/TriviaScores2013/scorePages/results36.htm
INFO 2013-04-19 02:16:08,480 models 4773 139960695658240 Checking for hour 54 page. Yr: 2013, Hr: 36
INFO 2013-04-19 02:16:08,480 models 4773 139960695658240 Hour 54 Finals: 
INFO 2013-04-19 02:16:08,480 models 4773 139960695658240 No data for this hour (yet?): 36
INFO 2013-04-19 02:16:08,981 models 4773 139960695658240 Success for hour 36
INFO 2013-04-19 02:16:08,983 models 4773 139960695658240 Getting page: http://90fmtrivia.org/TriviaScores2013/scorePages/results37.htm
INFO 2013-04-19 02:16:09,037 models 4773 139960695658240 Checking for hour 54 page. Yr: 2013, Hr: 37
INFO 2013-04-19 02:16:09,037 models 4773 139960695658240 Hour 54 Finals: 
INFO 2013-04-19 02:16:09,037 models 4773 139960695658240 No data for this hour (yet?): 37
INFO 2013-04-19 02:16:09,538 models 4773 139960695658240 Success for hour 37
INFO 2013-04-19 02:16:09,540 models 4773 139960695658240 Getting page: http://90fmtrivia.org/TriviaScores2013/scorePages/results38.htm
INFO 2013-04-19 02:16:09,592 models 4773 139960695658240 Checking for hour 54 page. Yr: 2013, Hr: 38
INFO 2013-04-19 02:16:09,592 models 4773 139960695658240 Hour 54 Finals: 
INFO 2013-04-19 02:16:09,592 models 4773 139960695658240 No data for this hour (yet?): 38
INFO 2013-04-19 02:16:10,093 models 4773 139960695658240 Success for hour 38
INFO 2013-04-19 02:16:10,095 models 4773 139960695658240 Getting page: http://90fmtrivia.org/TriviaScores2013/scorePages/results39.htm
INFO 2013-04-19 02:16:10,145 models 4773 139960695658240 Checking for hour 54 page. Yr: 2013, Hr: 39
INFO 2013-04-19 02:16:10,145 models 4773 139960695658240 Hour 54 Finals: 
INFO 2013-04-19 02:16:10,146 models 4773 139960695658240 No data for this hour (yet?): 39
INFO 2013-04-19 02:16:10,646 models 4773 139960695658240 Success for hour 39
INFO 2013-04-19 02:16:10,648 models 4773 139960695658240 Getting page: http://90fmtrivia.org/TriviaScores2013/scorePages/results40.htm
INFO 2013-04-19 02:16:10,720 models 4773 139960695658240 Checking for hour 54 page. Yr: 2013, Hr: 40
INFO 2013-04-19 02:16:10,720 models 4773 139960695658240 Hour 54 Finals: 
INFO 2013-04-19 02:16:10,720 models 4773 139960695658240 No data for this hour (yet?): 40
INFO 2013-04-19 02:16:11,221 models 4773 139960695658240 Success for hour 40
INFO 2013-04-19 02:16:11,223 models 4773 139960695658240 Getting page: http://90fmtrivia.org/TriviaScores2013/scorePages/results41.htm
INFO 2013-04-19 02:16:11,274 models 4773 139960695658240 Checking for hour 54 page. Yr: 2013, Hr: 41
INFO 2013-04-19 02:16:11,274 models 4773 139960695658240 Hour 54 Finals: 
INFO 2013-04-19 02:16:11,274 models 4773 139960695658240 No data for this hour (yet?): 41
INFO 2013-04-19 02:16:11,775 models 4773 139960695658240 Success for hour 41
INFO 2013-04-19 02:16:11,777 models 4773 139960695658240 Getting page: http://90fmtrivia.org/TriviaScores2013/scorePages/results42.htm
INFO 2013-04-19 02:16:11,832 models 4773 139960695658240 Checking for hour 54 page. Yr: 2013, Hr: 42
INFO 2013-04-19 02:16:11,833 models 4773 139960695658240 Hour 54 Finals: 
INFO 2013-04-19 02:16:11,833 models 4773 139960695658240 No data for this hour (yet?): 42
INFO 2013-04-19 02:16:12,333 models 4773 139960695658240 Success for hour 42
INFO 2013-04-19 02:16:12,336 models 4773 139960695658240 Getting page: http://90fmtrivia.org/TriviaScores2013/scorePages/results43.htm
INFO 2013-04-19 02:16:12,388 models 4773 139960695658240 Checking for hour 54 page. Yr: 2013, Hr: 43
INFO 2013-04-19 02:16:12,388 models 4773 139960695658240 Hour 54 Finals: 
INFO 2013-04-19 02:16:12,388 models 4773 139960695658240 No data for this hour (yet?): 43
INFO 2013-04-19 02:16:12,889 models 4773 139960695658240 Success for hour 43
INFO 2013-04-19 02:16:12,891 models 4773 139960695658240 Getting page: http://90fmtrivia.org/TriviaScores2013/scorePages/results44.htm
INFO 2013-04-19 02:16:12,942 models 4773 139960695658240 Checking for hour 54 page. Yr: 2013, Hr: 44
INFO 2013-04-19 02:16:12,942 models 4773 139960695658240 Hour 54 Finals: 
INFO 2013-04-19 02:16:12,942 models 4773 139960695658240 No data for this hour (yet?): 44
INFO 2013-04-19 02:16:13,443 models 4773 139960695658240 Success for hour 44
INFO 2013-04-19 02:16:13,445 models 4773 139960695658240 Getting page: http://90fmtrivia.org/TriviaScores2013/scorePages/results45.htm
INFO 2013-04-19 02:16:13,503 models 4773 139960695658240 Checking for hour 54 page. Yr: 2013, Hr: 45
INFO 2013-04-19 02:16:13,503 models 4773 139960695658240 Hour 54 Finals: 
INFO 2013-04-19 02:16:13,503 models 4773 139960695658240 No data for this hour (yet?): 45
INFO 2013-04-19 02:16:14,004 models 4773 139960695658240 Success for hour 45
INFO 2013-04-19 02:16:14,007 models 4773 139960695658240 Getting page: http://90fmtrivia.org/TriviaScores2013/scorePages/results46.htm
INFO 2013-04-19 02:16:14,056 models 4773 139960695658240 Checking for hour 54 page. Yr: 2013, Hr: 46
INFO 2013-04-19 02:16:14,057 models 4773 139960695658240 Hour 54 Finals: 
INFO 2013-04-19 02:16:14,057 models 4773 139960695658240 No data for this hour (yet?): 46
INFO 2013-04-19 02:16:14,557 models 4773 139960695658240 Success for hour 46
INFO 2013-04-19 02:16:14,560 models 4773 139960695658240 Getting page: http://90fmtrivia.org/TriviaScores2013/scorePages/results47.htm
INFO 2013-04-19 02:16:14,624 models 4773 139960695658240 Checking for hour 54 page. Yr: 2013, Hr: 47
INFO 2013-04-19 02:16:14,624 models 4773 139960695658240 Hour 54 Finals: 
INFO 2013-04-19 02:16:14,624 models 4773 139960695658240 No data for this hour (yet?): 47
INFO 2013-04-19 02:16:15,125 models 4773 139960695658240 Success for hour 47
INFO 2013-04-19 02:16:15,127 models 4773 139960695658240 Getting page: http://90fmtrivia.org/TriviaScores2013/scorePages/results48.htm
INFO 2013-04-19 02:16:15,176 models 4773 139960695658240 Checking for hour 54 page. Yr: 2013, Hr: 48
INFO 2013-04-19 02:16:15,176 models 4773 139960695658240 Hour 54 Finals: 
INFO 2013-04-19 02:16:15,177 models 4773 139960695658240 No data for this hour (yet?): 48
INFO 2013-04-19 02:16:15,677 models 4773 139960695658240 Success for hour 48
INFO 2013-04-19 02:16:15,679 models 4773 139960695658240 Getting page: http://90fmtrivia.org/TriviaScores2013/scorePages/results49.htm
INFO 2013-04-19 02:16:15,729 models 4773 139960695658240 Checking for hour 54 page. Yr: 2013, Hr: 49
INFO 2013-04-19 02:16:15,729 models 4773 139960695658240 Hour 54 Finals: 
INFO 2013-04-19 02:16:15,729 models 4773 139960695658240 No data for this hour (yet?): 49
INFO 2013-04-19 02:16:16,229 models 4773 139960695658240 Success for hour 49
INFO 2013-04-19 02:16:16,232 models 4773 139960695658240 Getting page: http://90fmtrivia.org/TriviaScores2013/scorePages/results50.htm
INFO 2013-04-19 02:16:16,280 models 4773 139960695658240 Checking for hour 54 page. Yr: 2013, Hr: 50
INFO 2013-04-19 02:16:16,280 models 4773 139960695658240 Hour 54 Finals: 
INFO 2013-04-19 02:16:16,280 models 4773 139960695658240 No data for this hour (yet?): 50
INFO 2013-04-19 02:16:16,781 models 4773 139960695658240 Success for hour 50
INFO 2013-04-19 02:16:16,783 models 4773 139960695658240 Getting page: http://90fmtrivia.org/TriviaScores2013/scorePages/results51.htm
INFO 2013-04-19 02:16:16,839 models 4773 139960695658240 Checking for hour 54 page. Yr: 2013, Hr: 51
INFO 2013-04-19 02:16:16,839 models 4773 139960695658240 Hour 54 Finals: 
INFO 2013-04-19 02:16:16,839 models 4773 139960695658240 No data for this hour (yet?): 51
INFO 2013-04-19 02:16:17,340 models 4773 139960695658240 Success for hour 51
INFO 2013-04-19 02:16:17,341 models 4773 139960695658240 Getting page: http://90fmtrivia.org/TriviaScores2013/scorePages/results52.htm
INFO 2013-04-19 02:16:17,392 models 4773 139960695658240 Checking for hour 54 page. Yr: 2013, Hr: 52
INFO 2013-04-19 02:16:17,393 models 4773 139960695658240 Hour 54 Finals: 
INFO 2013-04-19 02:16:17,393 models 4773 139960695658240 No data for this hour (yet?): 52
INFO 2013-04-19 02:16:17,893 models 4773 139960695658240 Success for hour 52
INFO 2013-04-19 02:16:17,895 models 4773 139960695658240 Getting page: http://90fmtrivia.org/TriviaScores2013/scorePages/results53.htm
INFO 2013-04-19 02:16:17,945 models 4773 139960695658240 Checking for hour 54 page. Yr: 2013, Hr: 53
INFO 2013-04-19 02:16:17,945 models 4773 139960695658240 Hour 54 Finals: 
INFO 2013-04-19 02:16:17,945 models 4773 139960695658240 No data for this hour (yet?): 53
INFO 2013-04-19 02:16:18,446 models 4773 139960695658240 Success for hour 53
INFO 2013-04-19 02:16:18,449 models 4773 139960695658240 Getting page: http://90fmtrivia.org/TriviaScores2013/scorePages/results54.htm
INFO 2013-04-19 02:16:18,499 models 4773 139960695658240 Checking for hour 54 page. Yr: 2013, Hr: 54
INFO 2013-04-19 02:16:18,499 models 4773 139960695658240 Hour 54 Finals: 
INFO 2013-04-19 02:16:18,499 models 4773 139960695658240 No data for this hour (yet?): 54
INFO 2013-04-19 02:16:18,999 models 4773 139960695658240 Success for hour 54
INFO 2013-04-19 02:16:19,000 models 4773 139960695658240 Success for hours: []
